<?xml version="1.0" encoding="UTF-8"?>
<testsuite xmlns:xsi="http://www.w3.org/2001/XMLSchema-instance" xsi:noNamespaceSchemaLocation="https://maven.apache.org/surefire/maven-surefire-plugin/xsd/surefire-test-report.xsd" name="com.zjy.AppTest" time="0.03" tests="1" errors="0" skipped="0" failures="0">
  <properties>
    <property name="sun.desktop" value="windows"/>
    <property name="awt.toolkit" value="sun.awt.windows.WToolkit"/>
    <property name="file.encoding.pkg" value="sun.io"/>
    <property name="java.specification.version" value="1.8"/>
    <property name="sun.cpu.isalist" value="amd64"/>
    <property name="sun.jnu.encoding" value="GBK"/>
    <property name="java.class.path" value="E:\code\ideaProjects\Dubbo_Demo\provider\target\test-classes;E:\code\ideaProjects\Dubbo_Demo\provider\target\classes;E:\Documents\repository\junit\junit\4.11\junit-4.11.jar;E:\Documents\repository\org\hamcrest\hamcrest-core\1.3\hamcrest-core-1.3.jar;E:\Documents\repository\org\springframework\spring-core\4.1.6.RELEASE\spring-core-4.1.6.RELEASE.jar;E:\Documents\repository\org\springframework\spring-tx\4.1.6.RELEASE\spring-tx-4.1.6.RELEASE.jar;E:\Documents\repository\org\springframework\spring-orm\4.1.6.RELEASE\spring-orm-4.1.6.RELEASE.jar;E:\Documents\repository\org\springframework\spring-jdbc\4.1.6.RELEASE\spring-jdbc-4.1.6.RELEASE.jar;E:\Documents\repository\org\springframework\spring-web\4.1.6.RELEASE\spring-web-4.1.6.RELEASE.jar;E:\Documents\repository\org\springframework\spring-aop\4.1.6.RELEASE\spring-aop-4.1.6.RELEASE.jar;E:\Documents\repository\aopalliance\aopalliance\1.0\aopalliance-1.0.jar;E:\Documents\repository\org\springframework\spring-context\4.1.6.RELEASE\spring-context-4.1.6.RELEASE.jar;E:\Documents\repository\org\springframework\spring-expression\4.1.6.RELEASE\spring-expression-4.1.6.RELEASE.jar;E:\Documents\repository\org\springframework\spring-beans\4.1.6.RELEASE\spring-beans-4.1.6.RELEASE.jar;E:\Documents\repository\commons-logging\commons-logging\1.2\commons-logging-1.2.jar;E:\Documents\repository\org\aspectj\aspectjweaver\1.8.5\aspectjweaver-1.8.5.jar;E:\Documents\repository\com\alibaba\dubbo\2.5.3\dubbo-2.5.3.jar;E:\Documents\repository\org\javassist\javassist\3.15.0-GA\javassist-3.15.0-GA.jar;E:\Documents\repository\org\jboss\netty\netty\3.2.5.Final\netty-3.2.5.Final.jar;E:\Documents\repository\org\apache\zookeeper\zookeeper\3.3.3\zookeeper-3.3.3.jar;E:\Documents\repository\log4j\log4j\1.2.15\log4j-1.2.15.jar;E:\Documents\repository\javax\mail\mail\1.4\mail-1.4.jar;E:\Documents\repository\javax\activation\activation\1.1\activation-1.1.jar;E:\Documents\repository\jline\jline\0.9.94\jline-0.9.94.jar;E:\Documents\repository\com\github\sgroschupf\zkclient\0.1\zkclient-0.1.jar;E:\Documents\repository\com\zjy\DubboDemo\interface\1.0-SNAPSHOT\interface-1.0-SNAPSHOT.jar;E:\Documents\repository\org\slf4j\slf4j-api\1.7.6\slf4j-api-1.7.6.jar;E:\Documents\repository\org\slf4j\slf4j-log4j12\1.7.6\slf4j-log4j12-1.7.6.jar;"/>
    <property name="java.vm.vendor" value="Oracle Corporation"/>
    <property name="sun.arch.data.model" value="64"/>
    <property name="user.variant" value=""/>
    <property name="java.vendor.url" value="http://java.oracle.com/"/>
    <property name="user.timezone" value=""/>
    <property name="java.vm.specification.version" value="1.8"/>
    <property name="os.name" value="Windows 10"/>
    <property name="user.country" value="CN"/>
    <property name="sun.java.launcher" value="SUN_STANDARD"/>
    <property name="sun.boot.library.path" value="E:\software\important\JDK\jre\bin"/>
    <property name="sun.java.command" value="C:\Users\ZHANGJ~1\AppData\Local\Temp\surefire9203491690730140293\surefirebooter648104137305749969.jar C:\Users\zhangjiuyang\AppData\Local\Temp\surefire9203491690730140293 2018-07-20T11-02-36_922-jvmRun1 surefire7638705864051837962tmp surefire_27907493073537509834tmp"/>
    <property name="surefire.test.class.path" value="E:\code\ideaProjects\Dubbo_Demo\provider\target\test-classes;E:\code\ideaProjects\Dubbo_Demo\provider\target\classes;E:\Documents\repository\junit\junit\4.11\junit-4.11.jar;E:\Documents\repository\org\hamcrest\hamcrest-core\1.3\hamcrest-core-1.3.jar;E:\Documents\repository\org\springframework\spring-core\4.1.6.RELEASE\spring-core-4.1.6.RELEASE.jar;E:\Documents\repository\org\springframework\spring-tx\4.1.6.RELEASE\spring-tx-4.1.6.RELEASE.jar;E:\Documents\repository\org\springframework\spring-orm\4.1.6.RELEASE\spring-orm-4.1.6.RELEASE.jar;E:\Documents\repository\org\springframework\spring-jdbc\4.1.6.RELEASE\spring-jdbc-4.1.6.RELEASE.jar;E:\Documents\repository\org\springframework\spring-web\4.1.6.RELEASE\spring-web-4.1.6.RELEASE.jar;E:\Documents\repository\org\springframework\spring-aop\4.1.6.RELEASE\spring-aop-4.1.6.RELEASE.jar;E:\Documents\repository\aopalliance\aopalliance\1.0\aopalliance-1.0.jar;E:\Documents\repository\org\springframework\spring-context\4.1.6.RELEASE\spring-context-4.1.6.RELEASE.jar;E:\Documents\repository\org\springframework\spring-expression\4.1.6.RELEASE\spring-expression-4.1.6.RELEASE.jar;E:\Documents\repository\org\springframework\spring-beans\4.1.6.RELEASE\spring-beans-4.1.6.RELEASE.jar;E:\Documents\repository\commons-logging\commons-logging\1.2\commons-logging-1.2.jar;E:\Documents\repository\org\aspectj\aspectjweaver\1.8.5\aspectjweaver-1.8.5.jar;E:\Documents\repository\com\alibaba\dubbo\2.5.3\dubbo-2.5.3.jar;E:\Documents\repository\org\javassist\javassist\3.15.0-GA\javassist-3.15.0-GA.jar;E:\Documents\repository\org\jboss\netty\netty\3.2.5.Final\netty-3.2.5.Final.jar;E:\Documents\repository\org\apache\zookeeper\zookeeper\3.3.3\zookeeper-3.3.3.jar;E:\Documents\repository\log4j\log4j\1.2.15\log4j-1.2.15.jar;E:\Documents\repository\javax\mail\mail\1.4\mail-1.4.jar;E:\Documents\repository\javax\activation\activation\1.1\activation-1.1.jar;E:\Documents\repository\jline\jline\0.9.94\jline-0.9.94.jar;E:\Documents\repository\com\github\sgroschupf\zkclient\0.1\zkclient-0.1.jar;E:\Documents\repository\com\zjy\DubboDemo\interface\1.0-SNAPSHOT\interface-1.0-SNAPSHOT.jar;E:\Documents\repository\org\slf4j\slf4j-api\1.7.6\slf4j-api-1.7.6.jar;E:\Documents\repository\org\slf4j\slf4j-log4j12\1.7.6\slf4j-log4j12-1.7.6.jar;"/>
    <property name="sun.cpu.endian" value="little"/>
    <property name="user.home" value="C:\Users\zhangjiuyang"/>
    <property name="user.language" value="zh"/>
    <property name="java.specification.vendor" value="Oracle Corporation"/>
    <property name="java.home" value="E:\software\important\JDK\jre"/>
    <property name="basedir" value="E:\code\ideaProjects\Dubbo_Demo\provider"/>
    <property name="file.separator" value="\"/>
    <property name="line.separator" value="&#10;"/>
    <property name="java.vm.specification.vendor" value="Oracle Corporation"/>
    <property name="java.specification.name" value="Java Platform API Specification"/>
    <property name="java.awt.graphicsenv" value="sun.awt.Win32GraphicsEnvironment"/>
    <property name="surefire.real.class.path" value="C:\Users\ZHANGJ~1\AppData\Local\Temp\surefire9203491690730140293\surefirebooter648104137305749969.jar"/>
    <property name="sun.boot.class.path" value="E:\software\important\JDK\jre\lib\resources.jar;E:\software\important\JDK\jre\lib\rt.jar;E:\software\important\JDK\jre\lib\sunrsasign.jar;E:\software\important\JDK\jre\lib\jsse.jar;E:\software\important\JDK\jre\lib\jce.jar;E:\software\important\JDK\jre\lib\charsets.jar;E:\software\important\JDK\jre\lib\jfr.jar;E:\software\important\JDK\jre\classes"/>
    <property name="user.script" value=""/>
    <property name="sun.management.compiler" value="HotSpot 64-Bit Tiered Compilers"/>
    <property name="java.runtime.version" value="1.8.0_91-b15"/>
    <property name="user.name" value="zhangjiuyang"/>
    <property name="path.separator" value=";"/>
    <property name="os.version" value="10.0"/>
    <property name="java.endorsed.dirs" value="E:\software\important\JDK\jre\lib\endorsed"/>
    <property name="java.runtime.name" value="Java(TM) SE Runtime Environment"/>
    <property name="file.encoding" value="GBK"/>
    <property name="java.vm.name" value="Java HotSpot(TM) 64-Bit Server VM"/>
    <property name="localRepository" value="E:\Documents\repository"/>
    <property name="java.vendor.url.bug" value="http://bugreport.sun.com/bugreport/"/>
    <property name="java.io.tmpdir" value="C:\Users\ZHANGJ~1\AppData\Local\Temp\"/>
    <property name="java.version" value="1.8.0_91"/>
    <property name="user.dir" value="E:\code\ideaProjects\Dubbo_Demo\provider"/>
    <property name="os.arch" value="amd64"/>
    <property name="java.vm.specification.name" value="Java Virtual Machine Specification"/>
    <property name="java.awt.printerjob" value="sun.awt.windows.WPrinterJob"/>
    <property name="sun.os.patch.level" value=""/>
    <property name="java.library.path" value="E:\software\important\JDK\jre\bin;C:\WINDOWS\Sun\Java\bin;C:\WINDOWS\system32;C:\WINDOWS;E:\software\tool\git\Git\mingw64\bin;E:\software\tool\git\Git\usr\bin;C:\Users\zhangjiuyang\bin;C:\ProgramData\Oracle\Java\javapath;C:\Program Files (x86)\Intel\iCLS Client;C:\Program Files\Intel\iCLS Client;C:\windows\system32;C:\windows;C:\windows\System32\Wbem;C:\windows\System32\WindowsPowerShell\v1.0;C:\Program Files (x86)\Intel\Intel(R) Management Engine Components\DAL;C:\Program Files\Intel\Intel(R) Management Engine Components\DAL;C:\Program Files (x86)\Intel\Intel(R) Management Engine Components\IPT;C:\Program Files\Intel\Intel(R) Management Engine Components\IPT;C:\Program Files (x86)\NVIDIA Corporation\PhysX\Common;E:\software\important\JDK\bin;E:\software\important\maven\apache-maven-3.2.5\bin;C:\Program Files\Intel\WiFi\bin;C:\Program Files\Common Files\Intel\WirelessCommon;C:\WINDOWS\system32;C:\WINDOWS;C:\WINDOWS\System32\Wbem;C:\WINDOWS\System32\WindowsPowerShell\v1.0;C:\WINDOWS\System32\OpenSSH;C:\Users\zhangjiuyang\AppData\Local\Microsoft\WindowsApps;."/>
    <property name="java.vm.info" value="mixed mode"/>
    <property name="java.vendor" value="Oracle Corporation"/>
    <property name="java.vm.version" value="25.91-b15"/>
    <property name="java.ext.dirs" value="E:\software\important\JDK\jre\lib\ext;C:\WINDOWS\Sun\Java\lib\ext"/>
    <property name="sun.io.unicode.encoding" value="UnicodeLittle"/>
    <property name="java.class.version" value="52.0"/>
  </properties>
  <testcase name="shouldAnswerWithTrue" classname="com.zjy.AppTest" time="0.002"/>
</testsuite>